0 info it worked if it ends with ok
1 verbose cli [ '/usr/bin/nodejs', '/usr/bin/npm', 'install' ]
2 info using npm@3.3.12
3 info using node@v5.5.0
4 silly loadCurrentTree Starting
5 silly install loadCurrentTree
6 silly install readLocalPackageData
7 silly install normalizeTree
8 silly loadCurrentTree Finishing
9 silly loadIdealTree Starting
10 silly install loadIdealTree
11 silly cloneCurrentTree Starting
12 silly install cloneCurrentTreeToIdealTree
13 silly cloneCurrentTree Finishing
14 silly loadShrinkwrap Starting
15 silly install loadShrinkwrap
16 silly loadShrinkwrap Finishing
17 silly loadAllDepsIntoIdealTree Starting
18 silly install loadAllDepsIntoIdealTree
19 silly fetchNamedPackageData babel-brunch
20 silly mapToRegistry name babel-brunch
21 silly mapToRegistry using default registry
22 silly mapToRegistry registry https://registry.npmjs.org/
23 silly mapToRegistry uri https://registry.npmjs.org/babel-brunch
24 silly fetchNamedPackageData brunch
25 silly mapToRegistry name brunch
26 silly mapToRegistry using default registry
27 silly mapToRegistry registry https://registry.npmjs.org/
28 silly mapToRegistry uri https://registry.npmjs.org/brunch
29 silly fetchNamedPackageData clean-css-brunch
30 silly mapToRegistry name clean-css-brunch
31 silly mapToRegistry using default registry
32 silly mapToRegistry registry https://registry.npmjs.org/
33 silly mapToRegistry uri https://registry.npmjs.org/clean-css-brunch
34 silly fetchNamedPackageData css-brunch
35 silly mapToRegistry name css-brunch
36 silly mapToRegistry using default registry
37 silly mapToRegistry registry https://registry.npmjs.org/
38 silly mapToRegistry uri https://registry.npmjs.org/css-brunch
39 silly fetchNamedPackageData javascript-brunch
40 silly mapToRegistry name javascript-brunch
41 silly mapToRegistry using default registry
42 silly mapToRegistry registry https://registry.npmjs.org/
43 silly mapToRegistry uri https://registry.npmjs.org/javascript-brunch
44 silly fetchNamedPackageData uglify-js-brunch
45 silly mapToRegistry name uglify-js-brunch
46 silly mapToRegistry using default registry
47 silly mapToRegistry registry https://registry.npmjs.org/
48 silly mapToRegistry uri https://registry.npmjs.org/uglify-js-brunch
49 silly fetchOtherPackageData phoenix@file:deps/phoenix
50 silly cache add args [ 'phoenix@file:deps/phoenix', null ]
51 verbose cache add spec phoenix@file:deps/phoenix
52 silly fetchOtherPackageData phoenix_html@file:deps/phoenix_html
53 silly cache add args [ 'phoenix_html@file:deps/phoenix_html', null ]
54 verbose cache add spec phoenix_html@file:deps/phoenix_html
55 silly cache add parsed spec Result {
55 silly cache add   raw: 'phoenix@file:deps/phoenix',
55 silly cache add   scope: null,
55 silly cache add   name: 'phoenix',
55 silly cache add   rawSpec: 'file:deps/phoenix',
55 silly cache add   spec: '/home/dk/dev/jilo-server/deps/phoenix',
55 silly cache add   type: 'local' }
56 silly cache add parsed spec Result {
56 silly cache add   raw: 'phoenix_html@file:deps/phoenix_html',
56 silly cache add   scope: null,
56 silly cache add   name: 'phoenix_html',
56 silly cache add   rawSpec: 'file:deps/phoenix_html',
56 silly cache add   spec: '/home/dk/dev/jilo-server/deps/phoenix_html',
56 silly cache add   type: 'local' }
57 error addLocal Could not install /home/dk/dev/jilo-server/deps/phoenix
58 silly fetchPackageMetaData Error: ENOENT: no such file or directory, open '/home/dk/dev/jilo-server/deps/phoenix'
58 silly fetchPackageMetaData     at Error (native)
58 silly fetchPackageMetaData  error for phoenix@file:deps/phoenix { [Error: ENOENT: no such file or directory, open '/home/dk/dev/jilo-server/deps/phoenix']
58 silly fetchPackageMetaData   errno: -2,
58 silly fetchPackageMetaData   code: 'ENOENT',
58 silly fetchPackageMetaData   syscall: 'open',
58 silly fetchPackageMetaData   path: '/home/dk/dev/jilo-server/deps/phoenix' }
59 error addLocal Could not install /home/dk/dev/jilo-server/deps/phoenix_html
60 silly fetchPackageMetaData Error: ENOENT: no such file or directory, open '/home/dk/dev/jilo-server/deps/phoenix_html'
60 silly fetchPackageMetaData     at Error (native)
60 silly fetchPackageMetaData  error for phoenix_html@file:deps/phoenix_html { [Error: ENOENT: no such file or directory, open '/home/dk/dev/jilo-server/deps/phoenix_html']
60 silly fetchPackageMetaData   errno: -2,
60 silly fetchPackageMetaData   code: 'ENOENT',
60 silly fetchPackageMetaData   syscall: 'open',
60 silly fetchPackageMetaData   path: '/home/dk/dev/jilo-server/deps/phoenix_html' }
61 verbose request uri https://registry.npmjs.org/babel-brunch
62 verbose request no auth needed
63 info attempt registry request try #1 at 8:58:09 AM
64 verbose request id 69b36b7ad244f746
65 verbose etag "6UDF2GRX43BIZTQ9772DRSL2T"
66 http request GET https://registry.npmjs.org/babel-brunch
67 verbose request uri https://registry.npmjs.org/clean-css-brunch
68 verbose request no auth needed
69 info attempt registry request try #1 at 8:58:09 AM
70 verbose etag "5MPZPCMAI74IWZRADCMJFIHZW"
71 http request GET https://registry.npmjs.org/clean-css-brunch
72 verbose request uri https://registry.npmjs.org/css-brunch
73 verbose request no auth needed
74 info attempt registry request try #1 at 8:58:09 AM
75 verbose etag "3MLMEF015LTF3ST910NBEPF6Z"
76 http request GET https://registry.npmjs.org/css-brunch
77 verbose request uri https://registry.npmjs.org/javascript-brunch
78 verbose request no auth needed
79 info attempt registry request try #1 at 8:58:09 AM
80 verbose etag "29I869TOMAOKBX6F9X34ADN83"
81 http request GET https://registry.npmjs.org/javascript-brunch
82 verbose request uri https://registry.npmjs.org/brunch
83 verbose request no auth needed
84 info attempt registry request try #1 at 8:58:09 AM
85 verbose etag "CCHT6WJI94VAE0UM3VBQFFORN"
86 http request GET https://registry.npmjs.org/brunch
87 verbose request uri https://registry.npmjs.org/uglify-js-brunch
88 verbose request no auth needed
89 info attempt registry request try #1 at 8:58:09 AM
90 verbose etag "13FU9J8Y5W216UTLU2ZRS4T4M"
91 http request GET https://registry.npmjs.org/uglify-js-brunch
92 http 304 https://registry.npmjs.org/babel-brunch
93 verbose headers { date: 'Sat, 30 Jan 2016 13:58:11 GMT',
93 verbose headers   via: '1.1 varnish',
93 verbose headers   'cache-control': 'max-age=300',
93 verbose headers   etag: '"6UDF2GRX43BIZTQ9772DRSL2T"',
93 verbose headers   age: '38',
93 verbose headers   connection: 'keep-alive',
93 verbose headers   'x-served-by': 'cache-jfk1031-JFK',
93 verbose headers   'x-cache': 'HIT',
93 verbose headers   'x-cache-hits': '1',
93 verbose headers   'x-timer': 'S1454162291.165862,VS0,VE0',
93 verbose headers   vary: 'Accept' }
94 silly get cb [ 304,
94 silly get   { date: 'Sat, 30 Jan 2016 13:58:11 GMT',
94 silly get     via: '1.1 varnish',
94 silly get     'cache-control': 'max-age=300',
94 silly get     etag: '"6UDF2GRX43BIZTQ9772DRSL2T"',
94 silly get     age: '38',
94 silly get     connection: 'keep-alive',
94 silly get     'x-served-by': 'cache-jfk1031-JFK',
94 silly get     'x-cache': 'HIT',
94 silly get     'x-cache-hits': '1',
94 silly get     'x-timer': 'S1454162291.165862,VS0,VE0',
94 silly get     vary: 'Accept' } ]
95 verbose etag https://registry.npmjs.org/babel-brunch from cache
96 verbose get saving babel-brunch to /home/dk/.npm/registry.npmjs.org/babel-brunch/.cache.json
97 http 304 https://registry.npmjs.org/javascript-brunch
98 verbose headers { date: 'Sat, 30 Jan 2016 13:58:11 GMT',
98 verbose headers   via: '1.1 varnish',
98 verbose headers   'cache-control': 'max-age=300',
98 verbose headers   etag: '"29I869TOMAOKBX6F9X34ADN83"',
98 verbose headers   age: '38',
98 verbose headers   connection: 'keep-alive',
98 verbose headers   'x-served-by': 'cache-jfk1025-JFK',
98 verbose headers   'x-cache': 'HIT',
98 verbose headers   'x-cache-hits': '1',
98 verbose headers   'x-timer': 'S1454162291.163405,VS0,VE0',
98 verbose headers   vary: 'Accept' }
99 silly get cb [ 304,
99 silly get   { date: 'Sat, 30 Jan 2016 13:58:11 GMT',
99 silly get     via: '1.1 varnish',
99 silly get     'cache-control': 'max-age=300',
99 silly get     etag: '"29I869TOMAOKBX6F9X34ADN83"',
99 silly get     age: '38',
99 silly get     connection: 'keep-alive',
99 silly get     'x-served-by': 'cache-jfk1025-JFK',
99 silly get     'x-cache': 'HIT',
99 silly get     'x-cache-hits': '1',
99 silly get     'x-timer': 'S1454162291.163405,VS0,VE0',
99 silly get     vary: 'Accept' } ]
100 verbose etag https://registry.npmjs.org/javascript-brunch from cache
101 verbose get saving javascript-brunch to /home/dk/.npm/registry.npmjs.org/javascript-brunch/.cache.json
102 silly resolveWithNewModule babel-brunch@6.0.0 checking installable status
103 silly cache add args [ 'babel-brunch@~6.0.0', null ]
104 verbose cache add spec babel-brunch@~6.0.0
105 silly cache add parsed spec Result {
105 silly cache add   raw: 'babel-brunch@~6.0.0',
105 silly cache add   scope: null,
105 silly cache add   name: 'babel-brunch',
105 silly cache add   rawSpec: '~6.0.0',
105 silly cache add   spec: '>=6.0.0 <6.1.0',
105 silly cache add   type: 'range' }
106 silly addNamed babel-brunch@>=6.0.0 <6.1.0
107 verbose addNamed ">=6.0.0 <6.1.0" is a valid semver range for babel-brunch
108 silly addNameRange { name: 'babel-brunch', range: '>=6.0.0 <6.1.0', hasData: false }
109 silly mapToRegistry name babel-brunch
110 silly mapToRegistry using default registry
111 silly mapToRegistry registry https://registry.npmjs.org/
112 silly mapToRegistry uri https://registry.npmjs.org/babel-brunch
113 verbose addNameRange registry:https://registry.npmjs.org/babel-brunch not in flight; fetching
114 silly resolveWithNewModule javascript-brunch@1.8.0 checking installable status
115 silly cache add args [ 'javascript-brunch@~1.8.0', null ]
116 verbose cache add spec javascript-brunch@~1.8.0
117 silly cache add parsed spec Result {
117 silly cache add   raw: 'javascript-brunch@~1.8.0',
117 silly cache add   scope: null,
117 silly cache add   name: 'javascript-brunch',
117 silly cache add   rawSpec: '~1.8.0',
117 silly cache add   spec: '>=1.8.0 <1.9.0',
117 silly cache add   type: 'range' }
118 silly addNamed javascript-brunch@>=1.8.0 <1.9.0
119 verbose addNamed ">=1.8.0 <1.9.0" is a valid semver range for javascript-brunch
120 silly addNameRange { name: 'javascript-brunch',
120 silly addNameRange   range: '>=1.8.0 <1.9.0',
120 silly addNameRange   hasData: false }
121 silly mapToRegistry name javascript-brunch
122 silly mapToRegistry using default registry
123 silly mapToRegistry registry https://registry.npmjs.org/
124 silly mapToRegistry uri https://registry.npmjs.org/javascript-brunch
125 verbose addNameRange registry:https://registry.npmjs.org/javascript-brunch not in flight; fetching
126 http 304 https://registry.npmjs.org/css-brunch
127 verbose headers { date: 'Sat, 30 Jan 2016 13:58:11 GMT',
127 verbose headers   via: '1.1 varnish',
127 verbose headers   'cache-control': 'max-age=300',
127 verbose headers   etag: '"3MLMEF015LTF3ST910NBEPF6Z"',
127 verbose headers   age: '183',
127 verbose headers   connection: 'keep-alive',
127 verbose headers   'x-served-by': 'cache-atl6221-ATL',
127 verbose headers   'x-cache': 'HIT',
127 verbose headers   'x-cache-hits': '1',
127 verbose headers   'x-timer': 'S1454162291.202164,VS0,VE0',
127 verbose headers   vary: 'Accept' }
128 silly get cb [ 304,
128 silly get   { date: 'Sat, 30 Jan 2016 13:58:11 GMT',
128 silly get     via: '1.1 varnish',
128 silly get     'cache-control': 'max-age=300',
128 silly get     etag: '"3MLMEF015LTF3ST910NBEPF6Z"',
128 silly get     age: '183',
128 silly get     connection: 'keep-alive',
128 silly get     'x-served-by': 'cache-atl6221-ATL',
128 silly get     'x-cache': 'HIT',
128 silly get     'x-cache-hits': '1',
128 silly get     'x-timer': 'S1454162291.202164,VS0,VE0',
128 silly get     vary: 'Accept' } ]
129 verbose etag https://registry.npmjs.org/css-brunch from cache
130 verbose get saving css-brunch to /home/dk/.npm/registry.npmjs.org/css-brunch/.cache.json
131 verbose get https://registry.npmjs.org/babel-brunch not expired, no request
132 silly addNameRange number 2 { name: 'babel-brunch', range: '>=6.0.0 <6.1.0', hasData: true }
133 silly addNameRange versions [ 'babel-brunch',
133 silly addNameRange   [ '4.0.0', '5.0.0', '5.0.1', '5.1.0', '5.1.1', '5.1.2', '6.0.0' ] ]
134 silly addNamed babel-brunch@6.0.0
135 verbose addNamed "6.0.0" is a plain semver version for babel-brunch
136 verbose get https://registry.npmjs.org/javascript-brunch not expired, no request
137 silly addNameRange number 2 { name: 'javascript-brunch',
137 silly addNameRange   range: '>=1.8.0 <1.9.0',
137 silly addNameRange   hasData: true }
138 silly addNameRange versions [ 'javascript-brunch',
138 silly addNameRange   [ '1.0.0',
138 silly addNameRange     '1.1.0',
138 silly addNameRange     '1.1.1',
138 silly addNameRange     '1.3.0',
138 silly addNameRange     '1.5.0',
138 silly addNameRange     '1.5.1',
138 silly addNameRange     '1.6.0',
138 silly addNameRange     '1.7.0',
138 silly addNameRange     '1.7.1',
138 silly addNameRange     '1.8.0',
138 silly addNameRange     '2.0.0' ] ]
139 silly addNamed javascript-brunch@1.8.0
140 verbose addNamed "1.8.0" is a plain semver version for javascript-brunch
141 http 304 https://registry.npmjs.org/uglify-js-brunch
142 verbose headers { date: 'Sat, 30 Jan 2016 13:58:11 GMT',
142 verbose headers   via: '1.1 varnish',
142 verbose headers   'cache-control': 'max-age=300',
142 verbose headers   etag: '"13FU9J8Y5W216UTLU2ZRS4T4M"',
142 verbose headers   age: '183',
142 verbose headers   connection: 'keep-alive',
142 verbose headers   'x-served-by': 'cache-jfk1025-JFK',
142 verbose headers   'x-cache': 'HIT',
142 verbose headers   'x-cache-hits': '1',
142 verbose headers   'x-timer': 'S1454162291.209005,VS0,VE0',
142 verbose headers   vary: 'Accept' }
143 silly get cb [ 304,
143 silly get   { date: 'Sat, 30 Jan 2016 13:58:11 GMT',
143 silly get     via: '1.1 varnish',
143 silly get     'cache-control': 'max-age=300',
143 silly get     etag: '"13FU9J8Y5W216UTLU2ZRS4T4M"',
143 silly get     age: '183',
143 silly get     connection: 'keep-alive',
143 silly get     'x-served-by': 'cache-jfk1025-JFK',
143 silly get     'x-cache': 'HIT',
143 silly get     'x-cache-hits': '1',
143 silly get     'x-timer': 'S1454162291.209005,VS0,VE0',
143 silly get     vary: 'Accept' } ]
144 verbose etag https://registry.npmjs.org/uglify-js-brunch from cache
145 verbose get saving uglify-js-brunch to /home/dk/.npm/registry.npmjs.org/uglify-js-brunch/.cache.json
146 silly cache afterAdd javascript-brunch@1.8.0
147 verbose afterAdd /home/dk/.npm/javascript-brunch/1.8.0/package/package.json not in flight; writing
148 silly cache afterAdd babel-brunch@6.0.0
149 verbose afterAdd /home/dk/.npm/babel-brunch/6.0.0/package/package.json not in flight; writing
150 silly resolveWithNewModule css-brunch@1.7.0 checking installable status
151 silly cache add args [ 'css-brunch@~1.7.0', null ]
152 verbose cache add spec css-brunch@~1.7.0
153 silly cache add parsed spec Result {
153 silly cache add   raw: 'css-brunch@~1.7.0',
153 silly cache add   scope: null,
153 silly cache add   name: 'css-brunch',
153 silly cache add   rawSpec: '~1.7.0',
153 silly cache add   spec: '>=1.7.0 <1.8.0',
153 silly cache add   type: 'range' }
154 silly addNamed css-brunch@>=1.7.0 <1.8.0
155 verbose addNamed ">=1.7.0 <1.8.0" is a valid semver range for css-brunch
156 silly addNameRange { name: 'css-brunch', range: '>=1.7.0 <1.8.0', hasData: false }
157 silly mapToRegistry name css-brunch
158 silly mapToRegistry using default registry
159 silly mapToRegistry registry https://registry.npmjs.org/
160 silly mapToRegistry uri https://registry.npmjs.org/css-brunch
161 verbose addNameRange registry:https://registry.npmjs.org/css-brunch not in flight; fetching
162 http 304 https://registry.npmjs.org/brunch
163 verbose headers { date: 'Sat, 30 Jan 2016 13:58:11 GMT',
163 verbose headers   via: '1.1 varnish',
163 verbose headers   'cache-control': 'max-age=300',
163 verbose headers   etag: '"CCHT6WJI94VAE0UM3VBQFFORN"',
163 verbose headers   age: '183',
163 verbose headers   connection: 'keep-alive',
163 verbose headers   'x-served-by': 'cache-atl6232-ATL',
163 verbose headers   'x-cache': 'HIT',
163 verbose headers   'x-cache-hits': '1',
163 verbose headers   'x-timer': 'S1454162291.221133,VS0,VE0',
163 verbose headers   vary: 'Accept' }
164 silly get cb [ 304,
164 silly get   { date: 'Sat, 30 Jan 2016 13:58:11 GMT',
164 silly get     via: '1.1 varnish',
164 silly get     'cache-control': 'max-age=300',
164 silly get     etag: '"CCHT6WJI94VAE0UM3VBQFFORN"',
164 silly get     age: '183',
164 silly get     connection: 'keep-alive',
164 silly get     'x-served-by': 'cache-atl6232-ATL',
164 silly get     'x-cache': 'HIT',
164 silly get     'x-cache-hits': '1',
164 silly get     'x-timer': 'S1454162291.221133,VS0,VE0',
164 silly get     vary: 'Accept' } ]
165 verbose etag https://registry.npmjs.org/brunch from cache
166 verbose get saving brunch to /home/dk/.npm/registry.npmjs.org/brunch/.cache.json
167 silly resolveWithNewModule uglify-js-brunch@1.7.8 checking installable status
168 silly cache add args [ 'uglify-js-brunch@~1.7.0', null ]
169 verbose cache add spec uglify-js-brunch@~1.7.0
170 silly cache add parsed spec Result {
170 silly cache add   raw: 'uglify-js-brunch@~1.7.0',
170 silly cache add   scope: null,
170 silly cache add   name: 'uglify-js-brunch',
170 silly cache add   rawSpec: '~1.7.0',
170 silly cache add   spec: '>=1.7.0 <1.8.0',
170 silly cache add   type: 'range' }
171 silly addNamed uglify-js-brunch@>=1.7.0 <1.8.0
172 verbose addNamed ">=1.7.0 <1.8.0" is a valid semver range for uglify-js-brunch
173 silly addNameRange { name: 'uglify-js-brunch',
173 silly addNameRange   range: '>=1.7.0 <1.8.0',
173 silly addNameRange   hasData: false }
174 silly mapToRegistry name uglify-js-brunch
175 silly mapToRegistry using default registry
176 silly mapToRegistry registry https://registry.npmjs.org/
177 silly mapToRegistry uri https://registry.npmjs.org/uglify-js-brunch
178 verbose addNameRange registry:https://registry.npmjs.org/uglify-js-brunch not in flight; fetching
179 verbose afterAdd /home/dk/.npm/babel-brunch/6.0.0/package/package.json written
180 verbose afterAdd /home/dk/.npm/javascript-brunch/1.8.0/package/package.json written
181 verbose get https://registry.npmjs.org/css-brunch not expired, no request
182 silly addNameRange number 2 { name: 'css-brunch', range: '>=1.7.0 <1.8.0', hasData: true }
183 silly addNameRange versions [ 'css-brunch',
183 silly addNameRange   [ '1.0.0',
183 silly addNameRange     '1.1.0',
183 silly addNameRange     '1.1.1',
183 silly addNameRange     '1.3.0',
183 silly addNameRange     '1.5.0',
183 silly addNameRange     '1.5.1',
183 silly addNameRange     '1.6.0',
183 silly addNameRange     '1.7.0',
183 silly addNameRange     '2.0.0' ] ]
184 silly addNamed css-brunch@1.7.0
185 verbose addNamed "1.7.0" is a plain semver version for css-brunch
186 http 304 https://registry.npmjs.org/clean-css-brunch
187 verbose headers { date: 'Sat, 30 Jan 2016 13:58:11 GMT',
187 verbose headers   via: '1.1 varnish',
187 verbose headers   'cache-control': 'max-age=300',
187 verbose headers   etag: '"5MPZPCMAI74IWZRADCMJFIHZW"',
187 verbose headers   age: '0',
187 verbose headers   connection: 'keep-alive',
187 verbose headers   'x-served-by': 'cache-jfk1035-JFK',
187 verbose headers   'x-cache': 'HIT',
187 verbose headers   'x-cache-hits': '1',
187 verbose headers   'x-timer': 'S1454162291.162703,VS0,VE78',
187 verbose headers   vary: 'Accept' }
188 silly get cb [ 304,
188 silly get   { date: 'Sat, 30 Jan 2016 13:58:11 GMT',
188 silly get     via: '1.1 varnish',
188 silly get     'cache-control': 'max-age=300',
188 silly get     etag: '"5MPZPCMAI74IWZRADCMJFIHZW"',
188 silly get     age: '0',
188 silly get     connection: 'keep-alive',
188 silly get     'x-served-by': 'cache-jfk1035-JFK',
188 silly get     'x-cache': 'HIT',
188 silly get     'x-cache-hits': '1',
188 silly get     'x-timer': 'S1454162291.162703,VS0,VE78',
188 silly get     vary: 'Accept' } ]
189 verbose etag https://registry.npmjs.org/clean-css-brunch from cache
190 verbose get saving clean-css-brunch to /home/dk/.npm/registry.npmjs.org/clean-css-brunch/.cache.json
191 verbose get https://registry.npmjs.org/uglify-js-brunch not expired, no request
192 silly addNameRange number 2 { name: 'uglify-js-brunch',
192 silly addNameRange   range: '>=1.7.0 <1.8.0',
192 silly addNameRange   hasData: true }
193 silly addNameRange versions [ 'uglify-js-brunch',
193 silly addNameRange   [ '1.0.0',
193 silly addNameRange     '1.1.0',
193 silly addNameRange     '1.1.1',
193 silly addNameRange     '1.3.0',
193 silly addNameRange     '1.3.1',
193 silly addNameRange     '1.5.0',
193 silly addNameRange     '1.5.1',
193 silly addNameRange     '1.7.0',
193 silly addNameRange     '1.7.1',
193 silly addNameRange     '1.7.2',
193 silly addNameRange     '1.7.3',
193 silly addNameRange     '1.7.4',
193 silly addNameRange     '1.7.5',
193 silly addNameRange     '1.7.6',
193 silly addNameRange     '1.7.7',
193 silly addNameRange     '1.7.8',
193 silly addNameRange     '2.0.0',
193 silly addNameRange     '2.0.1' ] ]
194 silly addNamed uglify-js-brunch@1.7.8
195 verbose addNamed "1.7.8" is a plain semver version for uglify-js-brunch
196 silly resolveWithNewModule brunch@2.1.3 checking installable status
197 silly cache add args [ 'brunch@~2.1.3', null ]
198 verbose cache add spec brunch@~2.1.3
199 silly cache add parsed spec Result {
199 silly cache add   raw: 'brunch@~2.1.3',
199 silly cache add   scope: null,
199 silly cache add   name: 'brunch',
199 silly cache add   rawSpec: '~2.1.3',
199 silly cache add   spec: '>=2.1.3 <2.2.0',
199 silly cache add   type: 'range' }
200 silly addNamed brunch@>=2.1.3 <2.2.0
201 verbose addNamed ">=2.1.3 <2.2.0" is a valid semver range for brunch
202 silly addNameRange { name: 'brunch', range: '>=2.1.3 <2.2.0', hasData: false }
203 silly mapToRegistry name brunch
204 silly mapToRegistry using default registry
205 silly mapToRegistry registry https://registry.npmjs.org/
206 silly mapToRegistry uri https://registry.npmjs.org/brunch
207 verbose addNameRange registry:https://registry.npmjs.org/brunch not in flight; fetching
208 silly cache afterAdd css-brunch@1.7.0
209 verbose afterAdd /home/dk/.npm/css-brunch/1.7.0/package/package.json not in flight; writing
210 silly resolveWithNewModule clean-css-brunch@1.8.0 checking installable status
211 silly cache add args [ 'clean-css-brunch@~1.8.0', null ]
212 verbose cache add spec clean-css-brunch@~1.8.0
213 silly cache add parsed spec Result {
213 silly cache add   raw: 'clean-css-brunch@~1.8.0',
213 silly cache add   scope: null,
213 silly cache add   name: 'clean-css-brunch',
213 silly cache add   rawSpec: '~1.8.0',
213 silly cache add   spec: '>=1.8.0 <1.9.0',
213 silly cache add   type: 'range' }
214 silly addNamed clean-css-brunch@>=1.8.0 <1.9.0
215 verbose addNamed ">=1.8.0 <1.9.0" is a valid semver range for clean-css-brunch
216 silly addNameRange { name: 'clean-css-brunch',
216 silly addNameRange   range: '>=1.8.0 <1.9.0',
216 silly addNameRange   hasData: false }
217 silly mapToRegistry name clean-css-brunch
218 silly mapToRegistry using default registry
219 silly mapToRegistry registry https://registry.npmjs.org/
220 silly mapToRegistry uri https://registry.npmjs.org/clean-css-brunch
221 verbose addNameRange registry:https://registry.npmjs.org/clean-css-brunch not in flight; fetching
222 silly cache afterAdd uglify-js-brunch@1.7.8
223 verbose afterAdd /home/dk/.npm/uglify-js-brunch/1.7.8/package/package.json not in flight; writing
224 verbose get https://registry.npmjs.org/brunch not expired, no request
225 silly addNameRange number 2 { name: 'brunch', range: '>=2.1.3 <2.2.0', hasData: true }
226 silly addNameRange versions [ 'brunch',
226 silly addNameRange   [ '0.0.1',
226 silly addNameRange     '0.0.2',
226 silly addNameRange     '0.0.3',
226 silly addNameRange     '0.0.4',
226 silly addNameRange     '0.0.5',
226 silly addNameRange     '0.0.6',
226 silly addNameRange     '0.0.7',
226 silly addNameRange     '0.0.8',
226 silly addNameRange     '0.1.0',
226 silly addNameRange     '0.1.1',
226 silly addNameRange     '0.1.3',
226 silly addNameRange     '0.1.4',
226 silly addNameRange     '0.1.5',
226 silly addNameRange     '0.1.6',
226 silly addNameRange     '0.1.7',
226 silly addNameRange     '0.1.8',
226 silly addNameRange     '0.1.9',
226 silly addNameRange     '0.2.0',
226 silly addNameRange     '0.2.1',
226 silly addNameRange     '0.2.2',
226 silly addNameRange     '0.2.3',
226 silly addNameRange     '0.2.4',
226 silly addNameRange     '0.2.6',
226 silly addNameRange     '0.2.7',
226 silly addNameRange     '0.2.8',
226 silly addNameRange     '0.3.0',
226 silly addNameRange     '0.3.1',
226 silly addNameRange     '0.3.2',
226 silly addNameRange     '0.3.4',
226 silly addNameRange     '0.3.5',
226 silly addNameRange     '0.3.6',
226 silly addNameRange     '0.3.7',
226 silly addNameRange     '0.4.0',
226 silly addNameRange     '0.4.1',
226 silly addNameRange     '0.4.2',
226 silly addNameRange     '0.4.3',
226 silly addNameRange     '0.4.4',
226 silly addNameRange     '0.4.5',
226 silly addNameRange     '0.5.1',
226 silly addNameRange     '0.5.2',
226 silly addNameRange     '0.5.3',
226 silly addNameRange     '0.5.4',
226 silly addNameRange     '0.5.5',
226 silly addNameRange     '0.5.6',
226 silly addNameRange     '0.6.0',
226 silly addNameRange     '0.6.1',
226 silly addNameRange     '0.6.2',
226 silly addNameRange     '0.7.0',
226 silly addNameRange     '0.7.1',
226 silly addNameRange     '0.7.2',
226 silly addNameRange     '0.7.3',
226 silly addNameRange     '0.7.4',
226 silly addNameRange     '0.8.0',
226 silly addNameRange     '0.8.1',
226 silly addNameRange     '0.9.0-beta1',
226 silly addNameRange     '0.9.0',
226 silly addNameRange     '0.9.1',
226 silly addNameRange     '1.0.0',
226 silly addNameRange     '1.0.1',
226 silly addNameRange     '1.0.2',
226 silly addNameRange     '1.0.3',
226 silly addNameRange     '1.1.0',
226 silly addNameRange     '1.1.1',
226 silly addNameRange     '1.1.2',
226 silly addNameRange     '1.2.0',
226 silly addNameRange     '1.2.1',
226 silly addNameRange     '1.2.2',
226 silly addNameRange     '1.3.0',
226 silly addNameRange     '1.3.1',
226 silly addNameRange     '1.3.2',
226 silly addNameRange     '1.3.3',
226 silly addNameRange     '1.3.4',
226 silly addNameRange     '1.4.0',
226 silly addNameRange     '1.4.1',
226 silly addNameRange     '1.4.2',
226 silly addNameRange     '1.4.3',
226 silly addNameRange     '1.4.4',
226 silly addNameRange     '1.4.5',
226 silly addNameRange     '1.5.0',
226 silly addNameRange     '1.5.1',
226 silly addNameRange     '1.5.2',
226 silly addNameRange     '1.5.3',
226 silly addNameRange     '1.5.4',
226 silly addNameRange     '1.6.0',
226 silly addNameRange     '1.6.1',
226 silly addNameRange     '1.6.2',
226 silly addNameRange     '1.6.3',
226 silly addNameRange     '1.6.4',
226 silly addNameRange     '1.6.5',
226 silly addNameRange     '1.6.6',
226 silly addNameRange     '1.6.7',
226 silly addNameRange     '1.7.0',
226 silly addNameRange     '1.7.1',
226 silly addNameRange     '1.7.2',
226 silly addNameRange     '1.7.3',
226 silly addNameRange     '1.7.4',
226 silly addNameRange     '1.7.5',
226 silly addNameRange     '1.7.6',
226 silly addNameRange     '1.7.7',
226 silly addNameRange     '1.7.8',
226 silly addNameRange     '1.7.9',
226 silly addNameRange     '1.7.10',
226 silly addNameRange     '1.7.12',
226 silly addNameRange     '1.7.13',
226 silly addNameRange     '1.7.14',
226 silly addNameRange     '1.7.15',
226 silly addNameRange     '1.7.16',
226 silly addNameRange     '1.7.17',
226 silly addNameRange     '1.7.18',
226 silly addNameRange     '1.7.19',
226 silly addNameRange     '1.7.20',
226 silly addNameRange     '1.8.0',
226 silly addNameRange     '1.8.1',
226 silly addNameRange     '1.8.2',
226 silly addNameRange     '1.8.3',
226 silly addNameRange     '1.8.4',
226 silly addNameRange     '1.8.5',
226 silly addNameRange     '2.0.0',
226 silly addNameRange     '2.0.1',
226 silly addNameRange     '2.0.2',
226 silly addNameRange     '2.0.3',
226 silly addNameRange     '2.0.4',
226 silly addNameRange     '2.1.0',
226 silly addNameRange     '2.1.1',
226 silly addNameRange     '2.1.2',
226 silly addNameRange     '2.1.3',
226 silly addNameRange     '2.2.0',
226 silly addNameRange     '2.2.1',
226 silly addNameRange     '2.2.2' ] ]
227 silly addNamed brunch@2.1.3
228 verbose addNamed "2.1.3" is a plain semver version for brunch
229 verbose afterAdd /home/dk/.npm/css-brunch/1.7.0/package/package.json written
230 verbose get https://registry.npmjs.org/clean-css-brunch not expired, no request
231 silly addNameRange number 2 { name: 'clean-css-brunch',
231 silly addNameRange   range: '>=1.8.0 <1.9.0',
231 silly addNameRange   hasData: true }
232 silly addNameRange versions [ 'clean-css-brunch',
232 silly addNameRange   [ '1.0.0',
232 silly addNameRange     '1.1.0',
232 silly addNameRange     '1.1.1',
232 silly addNameRange     '1.3.0',
232 silly addNameRange     '1.4.0',
232 silly addNameRange     '1.5.0',
232 silly addNameRange     '1.5.1',
232 silly addNameRange     '1.6.0',
232 silly addNameRange     '1.7.0',
232 silly addNameRange     '1.7.1',
232 silly addNameRange     '1.7.2',
232 silly addNameRange     '1.8.0',
232 silly addNameRange     '2.0.0' ] ]
233 silly addNamed clean-css-brunch@1.8.0
234 verbose addNamed "1.8.0" is a plain semver version for clean-css-brunch
235 verbose afterAdd /home/dk/.npm/uglify-js-brunch/1.7.8/package/package.json written
236 silly cache afterAdd brunch@2.1.3
237 verbose afterAdd /home/dk/.npm/brunch/2.1.3/package/package.json not in flight; writing
238 silly cache afterAdd clean-css-brunch@1.8.0
239 verbose afterAdd /home/dk/.npm/clean-css-brunch/1.8.0/package/package.json not in flight; writing
240 verbose afterAdd /home/dk/.npm/brunch/2.1.3/package/package.json written
241 verbose afterAdd /home/dk/.npm/clean-css-brunch/1.8.0/package/package.json written
242 silly rollbackFailedOptional Starting
243 silly rollbackFailedOptional Finishing
244 silly runTopLevelLifecycles Starting
245 silly runTopLevelLifecycles Finishing
246 silly install printInstalled
247 verbose stack Error: ENOENT: no such file or directory, open '/home/dk/dev/jilo-server/deps/phoenix'
247 verbose stack     at Error (native)
248 verbose cwd /home/dk/dev/jilo-server
249 error Linux 3.13.0-37-generic
250 error argv "/usr/bin/nodejs" "/usr/bin/npm" "install"
251 error node v5.5.0
252 error npm  v3.3.12
253 error path /home/dk/dev/jilo-server/deps/phoenix
254 error code ENOENT
255 error errno -2
256 error syscall open
257 error enoent ENOENT: no such file or directory, open '/home/dk/dev/jilo-server/deps/phoenix'
257 error enoent This is most likely not a problem with npm itself
257 error enoent and is related to npm not being able to find a file.
258 verbose exit [ -2, true ]
